Performing C SOURCE FILE Test CMAKE_HAVE_LIBC_PTHREAD failed with the following output:
Change Dir: /home/andrey/AndreyBMWX6/workspace/projects/lab07homework/_builds/clang-cxx14/CMakeFiles/CMakeTmp

Run Build Command(s):/usr/bin/make cmTC_62872/fast && /usr/bin/make  -f CMakeFiles/cmTC_62872.dir/build.make CMakeFiles/cmTC_62872.dir/build
make[1]: Entering directory '/home/andrey/AndreyBMWX6/workspace/projects/lab07homework/_builds/clang-cxx14/CMakeFiles/CMakeTmp'
Building C object CMakeFiles/cmTC_62872.dir/src.c.o
/usr/bin/clang   -DCMAKE_HAVE_LIBC_PTHREAD   -o CMakeFiles/cmTC_62872.dir/src.c.o   -c /home/andrey/AndreyBMWX6/workspace/projects/lab07homework/_builds/clang-cxx14/CMakeFiles/CMakeTmp/src.c
Linking C executable cmTC_62872
/snap/cmake/372/bin/cmake -E cmake_link_script CMakeFiles/cmTC_62872.dir/link.txt --verbose=1
/usr/bin/clang  -DCMAKE_HAVE_LIBC_PTHREAD    CMakeFiles/cmTC_62872.dir/src.c.o  -o cmTC_62872 
CMakeFiles/cmTC_62872.dir/src.c.o: In function `main':
src.c:(.text+0x35): undefined reference to `pthread_create'
src.c:(.text+0x41): undefined reference to `pthread_detach'
src.c:(.text+0x4d): undefined reference to `pthread_cancel'
src.c:(.text+0x5f): undefined reference to `pthread_join'
src.c:(.text+0x76): undefined reference to `pthread_atfork'
clang: error: linker command failed with exit code 1 (use -v to see invocation)
CMakeFiles/cmTC_62872.dir/build.make:106: recipe for target 'cmTC_62872' failed
make[1]: *** [cmTC_62872] Error 1
make[1]: Leaving directory '/home/andrey/AndreyBMWX6/workspace/projects/lab07homework/_builds/clang-cxx14/CMakeFiles/CMakeTmp'
Makefile:141: recipe for target 'cmTC_62872/fast' failed
make: *** [cmTC_62872/fast] Error 2


Source file was:
#include <pthread.h>

void* test_func(void* data)
{
  return data;
}

int main(void)
{
  pthread_t thread;
  pthread_create(&thread, NULL, test_func, NULL);
  pthread_detach(thread);
  pthread_cancel(thread);
  pthread_join(thread, NULL);
  pthread_atfork(NULL, NULL, NULL);
  pthread_exit(NULL);

  return 0;
}

Determining if the function pthread_create exists in the pthreads failed with the following output:
Change Dir: /home/andrey/AndreyBMWX6/workspace/projects/lab07homework/_builds/clang-cxx14/CMakeFiles/CMakeTmp

Run Build Command(s):/usr/bin/make cmTC_9e8c2/fast && /usr/bin/make  -f CMakeFiles/cmTC_9e8c2.dir/build.make CMakeFiles/cmTC_9e8c2.dir/build
make[1]: Entering directory '/home/andrey/AndreyBMWX6/workspace/projects/lab07homework/_builds/clang-cxx14/CMakeFiles/CMakeTmp'
Building C object CMakeFiles/cmTC_9e8c2.dir/CheckFunctionExists.c.o
/usr/bin/clang   -DCHECK_FUNCTION_EXISTS=pthread_create   -o CMakeFiles/cmTC_9e8c2.dir/CheckFunctionExists.c.o   -c /snap/cmake/372/share/cmake-3.17/Modules/CheckFunctionExists.c
Linking C executable cmTC_9e8c2
/snap/cmake/372/bin/cmake -E cmake_link_script CMakeFiles/cmTC_9e8c2.dir/link.txt --verbose=1
/usr/bin/clang  -DCHECK_FUNCTION_EXISTS=pthread_create    CMakeFiles/cmTC_9e8c2.dir/CheckFunctionExists.c.o  -o cmTC_9e8c2  -lpthreads 
/usr/bin/ld: cannot find -lpthreads
clang: error: linker command failed with exit code 1 (use -v to see invocation)
CMakeFiles/cmTC_9e8c2.dir/build.make:106: recipe for target 'cmTC_9e8c2' failed
make[1]: *** [cmTC_9e8c2] Error 1
make[1]: Leaving directory '/home/andrey/AndreyBMWX6/workspace/projects/lab07homework/_builds/clang-cxx14/CMakeFiles/CMakeTmp'
Makefile:141: recipe for target 'cmTC_9e8c2/fast' failed
make: *** [cmTC_9e8c2/fast] Error 2



