Performing C SOURCE FILE Test CMAKE_HAVE_LIBC_PTHREAD failed with the following output:
Change Dir: /home/andrey/AndreyBMWX6/workspace/projects/lab07homework/_builds/default/CMakeFiles/CMakeTmp

Run Build Command(s):/usr/bin/make cmTC_63612/fast && /usr/bin/make  -f CMakeFiles/cmTC_63612.dir/build.make CMakeFiles/cmTC_63612.dir/build
make[1]: Entering directory '/home/andrey/AndreyBMWX6/workspace/projects/lab07homework/_builds/default/CMakeFiles/CMakeTmp'
Building C object CMakeFiles/cmTC_63612.dir/src.c.o
/usr/bin/cc   -DCMAKE_HAVE_LIBC_PTHREAD   -o CMakeFiles/cmTC_63612.dir/src.c.o   -c /home/andrey/AndreyBMWX6/workspace/projects/lab07homework/_builds/default/CMakeFiles/CMakeTmp/src.c
Linking C executable cmTC_63612
/snap/cmake/372/bin/cmake -E cmake_link_script CMakeFiles/cmTC_63612.dir/link.txt --verbose=1
/usr/bin/cc  -DCMAKE_HAVE_LIBC_PTHREAD    CMakeFiles/cmTC_63612.dir/src.c.o  -o cmTC_63612 
CMakeFiles/cmTC_63612.dir/src.c.o: In function `main':
src.c:(.text+0x3e): undefined reference to `pthread_create'
src.c:(.text+0x4a): undefined reference to `pthread_detach'
src.c:(.text+0x56): undefined reference to `pthread_cancel'
src.c:(.text+0x67): undefined reference to `pthread_join'
src.c:(.text+0x7b): undefined reference to `pthread_atfork'
collect2: error: ld returned 1 exit status
CMakeFiles/cmTC_63612.dir/build.make:106: recipe for target 'cmTC_63612' failed
make[1]: *** [cmTC_63612] Error 1
make[1]: Leaving directory '/home/andrey/AndreyBMWX6/workspace/projects/lab07homework/_builds/default/CMakeFiles/CMakeTmp'
Makefile:141: recipe for target 'cmTC_63612/fast' failed
make: *** [cmTC_63612/fast] Error 2


Source file was:
#include <pthread.h>

void* test_func(void* data)
{
  return data;
}

int main(void)
{
  pthread_t thread;
  pthread_create(&thread, NULL, test_func, NULL);
  pthread_detach(thread);
  pthread_cancel(thread);
  pthread_join(thread, NULL);
  pthread_atfork(NULL, NULL, NULL);
  pthread_exit(NULL);

  return 0;
}

Determining if the function pthread_create exists in the pthreads failed with the following output:
Change Dir: /home/andrey/AndreyBMWX6/workspace/projects/lab07homework/_builds/default/CMakeFiles/CMakeTmp

Run Build Command(s):/usr/bin/make cmTC_218ec/fast && /usr/bin/make  -f CMakeFiles/cmTC_218ec.dir/build.make CMakeFiles/cmTC_218ec.dir/build
make[1]: Entering directory '/home/andrey/AndreyBMWX6/workspace/projects/lab07homework/_builds/default/CMakeFiles/CMakeTmp'
Building C object CMakeFiles/cmTC_218ec.dir/CheckFunctionExists.c.o
/usr/bin/cc   -DCHECK_FUNCTION_EXISTS=pthread_create   -o CMakeFiles/cmTC_218ec.dir/CheckFunctionExists.c.o   -c /snap/cmake/372/share/cmake-3.17/Modules/CheckFunctionExists.c
Linking C executable cmTC_218ec
/snap/cmake/372/bin/cmake -E cmake_link_script CMakeFiles/cmTC_218ec.dir/link.txt --verbose=1
/usr/bin/cc  -DCHECK_FUNCTION_EXISTS=pthread_create    CMakeFiles/cmTC_218ec.dir/CheckFunctionExists.c.o  -o cmTC_218ec  -lpthreads 
/usr/bin/ld: cannot find -lpthreads
collect2: error: ld returned 1 exit status
CMakeFiles/cmTC_218ec.dir/build.make:106: recipe for target 'cmTC_218ec' failed
make[1]: *** [cmTC_218ec] Error 1
make[1]: Leaving directory '/home/andrey/AndreyBMWX6/workspace/projects/lab07homework/_builds/default/CMakeFiles/CMakeTmp'
Makefile:141: recipe for target 'cmTC_218ec/fast' failed
make: *** [cmTC_218ec/fast] Error 2



