Performing C SOURCE FILE Test CMAKE_HAVE_LIBC_PTHREAD failed with the following output:
Change Dir: /home/andrey/AndreyBMWX6/workspace/projects/lab07homework/_builds/CMakeFiles/CMakeTmp

Run Build Command(s):/usr/bin/make cmTC_ce10f/fast && /usr/bin/make  -f CMakeFiles/cmTC_ce10f.dir/build.make CMakeFiles/cmTC_ce10f.dir/build
make[1]: Entering directory '/home/andrey/AndreyBMWX6/workspace/projects/lab07homework/_builds/CMakeFiles/CMakeTmp'
Building C object CMakeFiles/cmTC_ce10f.dir/src.c.o
/usr/bin/cc   -DCMAKE_HAVE_LIBC_PTHREAD   -o CMakeFiles/cmTC_ce10f.dir/src.c.o   -c /home/andrey/AndreyBMWX6/workspace/projects/lab07homework/_builds/CMakeFiles/CMakeTmp/src.c
Linking C executable cmTC_ce10f
/snap/cmake/372/bin/cmake -E cmake_link_script CMakeFiles/cmTC_ce10f.dir/link.txt --verbose=1
/usr/bin/cc  -DCMAKE_HAVE_LIBC_PTHREAD    CMakeFiles/cmTC_ce10f.dir/src.c.o  -o cmTC_ce10f 
CMakeFiles/cmTC_ce10f.dir/src.c.o: In function `main':
src.c:(.text+0x3e): undefined reference to `pthread_create'
src.c:(.text+0x4a): undefined reference to `pthread_detach'
src.c:(.text+0x56): undefined reference to `pthread_cancel'
src.c:(.text+0x67): undefined reference to `pthread_join'
src.c:(.text+0x7b): undefined reference to `pthread_atfork'
collect2: error: ld returned 1 exit status
CMakeFiles/cmTC_ce10f.dir/build.make:106: recipe for target 'cmTC_ce10f' failed
make[1]: *** [cmTC_ce10f] Error 1
make[1]: Leaving directory '/home/andrey/AndreyBMWX6/workspace/projects/lab07homework/_builds/CMakeFiles/CMakeTmp'
Makefile:141: recipe for target 'cmTC_ce10f/fast' failed
make: *** [cmTC_ce10f/fast] Error 2


Source file was:
#include <pthread.h>

void* test_func(void* data)
{
  return data;
}

int main(void)
{
  pthread_t thread;
  pthread_create(&thread, NULL, test_func, NULL);
  pthread_detach(thread);
  pthread_cancel(thread);
  pthread_join(thread, NULL);
  pthread_atfork(NULL, NULL, NULL);
  pthread_exit(NULL);

  return 0;
}

Determining if the function pthread_create exists in the pthreads failed with the following output:
Change Dir: /home/andrey/AndreyBMWX6/workspace/projects/lab07homework/_builds/CMakeFiles/CMakeTmp

Run Build Command(s):/usr/bin/make cmTC_689f0/fast && /usr/bin/make  -f CMakeFiles/cmTC_689f0.dir/build.make CMakeFiles/cmTC_689f0.dir/build
make[1]: Entering directory '/home/andrey/AndreyBMWX6/workspace/projects/lab07homework/_builds/CMakeFiles/CMakeTmp'
Building C object CMakeFiles/cmTC_689f0.dir/CheckFunctionExists.c.o
/usr/bin/cc   -DCHECK_FUNCTION_EXISTS=pthread_create   -o CMakeFiles/cmTC_689f0.dir/CheckFunctionExists.c.o   -c /snap/cmake/372/share/cmake-3.17/Modules/CheckFunctionExists.c
Linking C executable cmTC_689f0
/snap/cmake/372/bin/cmake -E cmake_link_script CMakeFiles/cmTC_689f0.dir/link.txt --verbose=1
/usr/bin/cc  -DCHECK_FUNCTION_EXISTS=pthread_create    CMakeFiles/cmTC_689f0.dir/CheckFunctionExists.c.o  -o cmTC_689f0  -lpthreads 
/usr/bin/ld: cannot find -lpthreads
collect2: error: ld returned 1 exit status
CMakeFiles/cmTC_689f0.dir/build.make:106: recipe for target 'cmTC_689f0' failed
make[1]: *** [cmTC_689f0] Error 1
make[1]: Leaving directory '/home/andrey/AndreyBMWX6/workspace/projects/lab07homework/_builds/CMakeFiles/CMakeTmp'
Makefile:141: recipe for target 'cmTC_689f0/fast' failed
make: *** [cmTC_689f0/fast] Error 2



